<?xml version="1.0" encoding="UTF-8"?>
<robot generator="Robot 6.1.1 (Python 3.11.4 on win32)" generated="20231124 12:38:36.754" rpa="false" schemaversion="4">
<suite id="s1" name="Test3" source="C:\Users\petch\Desktop\Year3-1\ITDS362_Software Quality Assurance and Testing\project phase 2\UI Testing\Test3\test3.robot">
<test id="s1-t1" name="Test Search and Add Product in Cart Using Chrome" line="26">
<kw name="Open Browser" library="SeleniumLibrary">
<arg>${url_lifeGadget}</arg>
<arg>${browser}</arg>
<doc>Opens a new browser instance to the optional ``url``.</doc>
<msg timestamp="20231124 12:38:37.003" level="INFO">Opening browser 'Chrome' to base url 'http://45.144.164.182:8080/'.</msg>
<status status="PASS" starttime="20231124 12:38:37.003" endtime="20231124 12:38:39.508"/>
</kw>
<kw name="Maximize Browser Window" library="SeleniumLibrary">
<doc>Maximizes current browser window.</doc>
<status status="PASS" starttime="20231124 12:38:39.509" endtime="20231124 12:38:39.636"/>
</kw>
<status status="PASS" starttime="20231124 12:38:37.002" endtime="20231124 12:38:39.637"/>
</test>
<test id="s1-t2" name="Test Search" line="29">
<kw name="Click Element" library="SeleniumLibrary">
<arg>${SearchBar}</arg>
<doc>Click the element identified by ``locator``.</doc>
<msg timestamp="20231124 12:38:39.641" level="INFO">Clicking element 'xpath=//*[@id="header-section"]/div[2]/div/div/div[2]/div/form/input[2]'.</msg>
<status status="PASS" starttime="20231124 12:38:39.640" endtime="20231124 12:38:39.777"/>
</kw>
<kw name="Input Text" library="SeleniumLibrary">
<arg>${SearchBar}</arg>
<arg>${MicrophoneText}</arg>
<arg>Microphone</arg>
<doc>Types the given ``text`` into the text field identified by ``locator``.</doc>
<msg timestamp="20231124 12:38:39.778" level="INFO">Typing text 'Microphone' into text field 'xpath=//*[@id="header-section"]/div[2]/div/div/div[2]/div/form/input[2]'.</msg>
<status status="PASS" starttime="20231124 12:38:39.777" endtime="20231124 12:38:40.022"/>
</kw>
<kw name="Click Button" library="SeleniumLibrary">
<arg>${SearchIcon}</arg>
<doc>Clicks the button identified by ``locator``.</doc>
<msg timestamp="20231124 12:38:40.023" level="INFO">Clicking button 'xpath=//*[@id="header-section"]/div[2]/div/div/div[2]/div/form/button'.</msg>
<status status="PASS" starttime="20231124 12:38:40.023" endtime="20231124 12:38:40.413"/>
</kw>
<kw name="Get Title" library="SeleniumLibrary">
<var>${title}</var>
<doc>Returns the title of the current page.</doc>
<msg timestamp="20231124 12:38:40.549" level="INFO">${title} = Search Results for “Microphone” – Life Gadget</msg>
<status status="PASS" starttime="20231124 12:38:40.414" endtime="20231124 12:38:40.549"/>
</kw>
<kw name="Should Be Equal As Strings" library="BuiltIn">
<arg>${title}</arg>
<arg>Search Results for “Microphone” – Life Gadget</arg>
<doc>Fails if objects are unequal after converting them to strings.</doc>
<status status="PASS" starttime="20231124 12:38:40.550" endtime="20231124 12:38:40.550"/>
</kw>
<status status="PASS" starttime="20231124 12:38:39.639" endtime="20231124 12:38:40.551"/>
</test>
<test id="s1-t3" name="Test Add Hyperx to Cart" line="35">
<kw name="Click Element" library="SeleniumLibrary">
<arg>${HyperxProduct}</arg>
<doc>Click the element identified by ``locator``.</doc>
<msg timestamp="20231124 12:38:40.554" level="INFO">Clicking element 'xpath=//*[@id="st-primary-content"]/ul/li[2]/div/div/div[2]/div/h3/a'.</msg>
<status status="PASS" starttime="20231124 12:38:40.553" endtime="20231124 12:38:41.062"/>
</kw>
<kw name="Get Title" library="SeleniumLibrary">
<var>${title}</var>
<doc>Returns the title of the current page.</doc>
<msg timestamp="20231124 12:38:41.070" level="INFO">${title} = HYPERX DUOCAST USB (BLACK) – Life Gadget</msg>
<status status="PASS" starttime="20231124 12:38:41.063" endtime="20231124 12:38:41.070"/>
</kw>
<kw name="Should Be Equal As Strings" library="BuiltIn">
<arg>${title}</arg>
<arg>HYPERX DUOCAST USB (BLACK) – Life Gadget</arg>
<doc>Fails if objects are unequal after converting them to strings.</doc>
<status status="PASS" starttime="20231124 12:38:41.070" endtime="20231124 12:38:41.070"/>
</kw>
<kw name="Get Location" library="SeleniumLibrary">
<var>${path}</var>
<doc>Returns the current browser window URL.</doc>
<msg timestamp="20231124 12:38:41.076" level="INFO">${path} = http://45.144.164.182:8080/product/hyperx-duocast-usb-black/</msg>
<status status="PASS" starttime="20231124 12:38:41.071" endtime="20231124 12:38:41.076"/>
</kw>
<kw name="Should Be Equal As Strings" library="BuiltIn">
<arg>${path}</arg>
<arg>http://45.144.164.182:8080/product/hyperx-duocast-usb-black/</arg>
<doc>Fails if objects are unequal after converting them to strings.</doc>
<status status="PASS" starttime="20231124 12:38:41.076" endtime="20231124 12:38:41.076"/>
</kw>
<kw name="Click Element" library="SeleniumLibrary">
<arg>${AddHyperxToCart}</arg>
<doc>Click the element identified by ``locator``.</doc>
<msg timestamp="20231124 12:38:41.077" level="INFO">Clicking element 'xpath=//*[@id="product-68"]/div[2]/form/button'.</msg>
<status status="PASS" starttime="20231124 12:38:41.076" endtime="20231124 12:38:41.482"/>
</kw>
<kw name="Click Element" library="SeleniumLibrary">
<arg>${CartIcon}</arg>
<doc>Click the element identified by ``locator``.</doc>
<msg timestamp="20231124 12:38:41.484" level="INFO">Clicking element 'xpath=//*[@id="header-section"]/div[2]/div/div/div[3]/div/ul/li[1]/div[1]/button'.</msg>
<status status="PASS" starttime="20231124 12:38:41.483" endtime="20231124 12:38:41.596"/>
</kw>
<kw name="Get Text" library="SeleniumLibrary">
<var>${product_name}</var>
<arg>${ProductNameInCart}</arg>
<doc>Returns the text value of the element identified by ``locator``.</doc>
<msg timestamp="20231124 12:38:41.657" level="INFO">${product_name} = HYPERX DUOCAST USB (BLACK)</msg>
<status status="PASS" starttime="20231124 12:38:41.597" endtime="20231124 12:38:41.658"/>
</kw>
<kw name="Should Be Equal As Strings" library="BuiltIn">
<arg>${product_name}</arg>
<arg>HYPERX DUOCAST USB (BLACK)</arg>
<doc>Fails if objects are unequal after converting them to strings.</doc>
<status status="PASS" starttime="20231124 12:38:41.659" endtime="20231124 12:38:41.659"/>
</kw>
<kw name="Page Should Contain Element" library="SeleniumLibrary">
<arg>${CartPage}</arg>
<doc>Verifies that element ``locator`` is found on the current page.</doc>
<msg timestamp="20231124 12:38:41.692" level="INFO">Current page contains element 'xpath=//div[@class="cart-modal cart-modal-1 active-cart"]'.</msg>
<status status="PASS" starttime="20231124 12:38:41.660" endtime="20231124 12:38:41.693"/>
</kw>
<kw name="Sleep" library="BuiltIn">
<arg>3s</arg>
<doc>Pauses the test executed for the given time.</doc>
<msg timestamp="20231124 12:38:44.694" level="INFO">Slept 3 seconds</msg>
<status status="PASS" starttime="20231124 12:38:41.694" endtime="20231124 12:38:44.694"/>
</kw>
<kw name="Click Element" library="SeleniumLibrary">
<arg>${CloseCartWindow}</arg>
<doc>Click the element identified by ``locator``.</doc>
<msg timestamp="20231124 12:38:44.695" level="INFO">Clicking element 'xpath=//*[@id="header-section"]/div[2]/div/div/div[3]/div/ul/li[1]/div[2]/div[1]/div[1]/div/a'.</msg>
<status status="PASS" starttime="20231124 12:38:44.695" endtime="20231124 12:38:44.770"/>
</kw>
<kw name="Click Element" library="SeleniumLibrary">
<arg>${BackHomepage}</arg>
<doc>Click the element identified by ``locator``.</doc>
<msg timestamp="20231124 12:38:44.772" level="INFO">Clicking element 'xpath=//*[@id="header-section"]/div[2]/div/div/div[1]/div/a'.</msg>
<status status="PASS" starttime="20231124 12:38:44.771" endtime="20231124 12:38:45.284"/>
</kw>
<status status="PASS" starttime="20231124 12:38:40.553" endtime="20231124 12:38:45.284"/>
</test>
<test id="s1-t4" name="Test Add Another Product and Check" line="49">
<kw name="Click Element" library="SeleniumLibrary">
<arg>${SearchBar}</arg>
<doc>Click the element identified by ``locator``.</doc>
<msg timestamp="20231124 12:38:45.289" level="INFO">Clicking element 'xpath=//*[@id="header-section"]/div[2]/div/div/div[2]/div/form/input[2]'.</msg>
<status status="PASS" starttime="20231124 12:38:45.288" endtime="20231124 12:38:45.486"/>
</kw>
<kw name="Input Text" library="SeleniumLibrary">
<arg>${SearchBar}</arg>
<arg>IPad</arg>
<doc>Types the given ``text`` into the text field identified by ``locator``.</doc>
<msg timestamp="20231124 12:38:45.488" level="INFO">Typing text 'IPad' into text field 'xpath=//*[@id="header-section"]/div[2]/div/div/div[2]/div/form/input[2]'.</msg>
<status status="PASS" starttime="20231124 12:38:45.488" endtime="20231124 12:38:45.731"/>
</kw>
<kw name="Click Button" library="SeleniumLibrary">
<arg>${SearchIcon}</arg>
<doc>Clicks the button identified by ``locator``.</doc>
<msg timestamp="20231124 12:38:45.733" level="INFO">Clicking button 'xpath=//*[@id="header-section"]/div[2]/div/div/div[2]/div/form/button'.</msg>
<status status="PASS" starttime="20231124 12:38:45.732" endtime="20231124 12:38:46.053"/>
</kw>
<kw name="Get Title" library="SeleniumLibrary">
<var>${title}</var>
<doc>Returns the title of the current page.</doc>
<msg timestamp="20231124 12:38:46.137" level="INFO">${title} = Search Results for “IPad” – Life Gadget</msg>
<status status="PASS" starttime="20231124 12:38:46.053" endtime="20231124 12:38:46.137"/>
</kw>
<kw name="Should Be Equal As Strings" library="BuiltIn">
<arg>${title}</arg>
<arg>Search Results for “IPad” – Life Gadget</arg>
<doc>Fails if objects are unequal after converting them to strings.</doc>
<status status="PASS" starttime="20231124 12:38:46.138" endtime="20231124 12:38:46.138"/>
</kw>
<kw name="Click Element" library="SeleniumLibrary">
<arg>${IPadMiniProduct}</arg>
<doc>Click the element identified by ``locator``.</doc>
<msg timestamp="20231124 12:38:46.139" level="INFO">Clicking element 'xpath=//*[@id="st-primary-content"]/ul/li[1]/div/div/div[2]/div/h3/a'.</msg>
<status status="PASS" starttime="20231124 12:38:46.139" endtime="20231124 12:38:46.581"/>
</kw>
<kw name="Get Title" library="SeleniumLibrary">
<var>${title}</var>
<doc>Returns the title of the current page.</doc>
<msg timestamp="20231124 12:38:46.601" level="INFO">${title} = Apple iPad mini Gen6/256GB/8.3/Wi-Fi/STARLIGHT – Life Gadget</msg>
<status status="PASS" starttime="20231124 12:38:46.582" endtime="20231124 12:38:46.601"/>
</kw>
<kw name="Should Be Equal As Strings" library="BuiltIn">
<arg>${title}</arg>
<arg>Apple iPad mini Gen6/256GB/8.3/Wi-Fi/STARLIGHT – Life Gadget</arg>
<doc>Fails if objects are unequal after converting them to strings.</doc>
<status status="PASS" starttime="20231124 12:38:46.602" endtime="20231124 12:38:46.603"/>
</kw>
<kw name="Get Location" library="SeleniumLibrary">
<var>${path}</var>
<doc>Returns the current browser window URL.</doc>
<msg timestamp="20231124 12:38:46.612" level="INFO">${path} = http://45.144.164.182:8080/product/apple-ipad-mini-gen6-256gb-8-3-wi-fi-starlight/</msg>
<status status="PASS" starttime="20231124 12:38:46.604" endtime="20231124 12:38:46.612"/>
</kw>
<kw name="Should Be Equal As Strings" library="BuiltIn">
<arg>${path}</arg>
<arg>http://45.144.164.182:8080/product/apple-ipad-mini-gen6-256gb-8-3-wi-fi-starlight/</arg>
<doc>Fails if objects are unequal after converting them to strings.</doc>
<status status="PASS" starttime="20231124 12:38:46.614" endtime="20231124 12:38:46.614"/>
</kw>
<kw name="Click Element" library="SeleniumLibrary">
<arg>${AddIpadminiToCart}</arg>
<doc>Click the element identified by ``locator``.</doc>
<msg timestamp="20231124 12:38:46.616" level="INFO">Clicking element 'xpath=//*[@id="product-84"]/div[2]/form/button'.</msg>
<status status="PASS" starttime="20231124 12:38:46.615" endtime="20231124 12:38:47.817"/>
</kw>
<kw name="Click Element" library="SeleniumLibrary">
<arg>${CartIcon}</arg>
<doc>Click the element identified by ``locator``.</doc>
<msg timestamp="20231124 12:38:47.818" level="INFO">Clicking element 'xpath=//*[@id="header-section"]/div[2]/div/div/div[3]/div/ul/li[1]/div[1]/button'.</msg>
<status status="PASS" starttime="20231124 12:38:47.818" endtime="20231124 12:38:47.927"/>
</kw>
<kw name="Get Text" library="SeleniumLibrary">
<var>${product_name2}</var>
<arg>${ProductNameInCart2}</arg>
<doc>Returns the text value of the element identified by ``locator``.</doc>
<msg timestamp="20231124 12:38:47.990" level="INFO">${product_name2} = Apple iPad mini Gen6/256GB/8.3/Wi-Fi/STARLIGHT</msg>
<status status="PASS" starttime="20231124 12:38:47.928" endtime="20231124 12:38:47.990"/>
</kw>
<kw name="Get Text" library="SeleniumLibrary">
<var>${product_name}</var>
<arg>${ProductNameInCart}</arg>
<doc>Returns the text value of the element identified by ``locator``.</doc>
<msg timestamp="20231124 12:38:48.035" level="INFO">${product_name} = HYPERX DUOCAST USB (BLACK)</msg>
<status status="PASS" starttime="20231124 12:38:47.992" endtime="20231124 12:38:48.035"/>
</kw>
<kw name="Should Be Equal As Strings" library="BuiltIn">
<arg>${product_name2}</arg>
<arg>Apple iPad mini Gen6/256GB/8.3/Wi-Fi/STARLIGHT</arg>
<doc>Fails if objects are unequal after converting them to strings.</doc>
<status status="PASS" starttime="20231124 12:38:48.036" endtime="20231124 12:38:48.036"/>
</kw>
<kw name="Should Be Equal As Strings" library="BuiltIn">
<arg>${product_name}</arg>
<arg>HYPERX DUOCAST USB (BLACK)</arg>
<doc>Fails if objects are unequal after converting them to strings.</doc>
<status status="PASS" starttime="20231124 12:38:48.037" endtime="20231124 12:38:48.037"/>
</kw>
<kw name="Page Should Contain Element" library="SeleniumLibrary">
<arg>${CartPage}</arg>
<doc>Verifies that element ``locator`` is found on the current page.</doc>
<msg timestamp="20231124 12:38:48.055" level="INFO">Current page contains element 'xpath=//div[@class="cart-modal cart-modal-1 active-cart"]'.</msg>
<status status="PASS" starttime="20231124 12:38:48.038" endtime="20231124 12:38:48.055"/>
</kw>
<kw name="Sleep" library="BuiltIn">
<arg>3s</arg>
<doc>Pauses the test executed for the given time.</doc>
<msg timestamp="20231124 12:38:51.057" level="INFO">Slept 3 seconds</msg>
<status status="PASS" starttime="20231124 12:38:48.057" endtime="20231124 12:38:51.057"/>
</kw>
<kw name="Click Element" library="SeleniumLibrary">
<arg>${CloseCartWindow}</arg>
<doc>Click the element identified by ``locator``.</doc>
<msg timestamp="20231124 12:38:51.059" level="INFO">Clicking element 'xpath=//*[@id="header-section"]/div[2]/div/div/div[3]/div/ul/li[1]/div[2]/div[1]/div[1]/div/a'.</msg>
<status status="PASS" starttime="20231124 12:38:51.058" endtime="20231124 12:38:51.117"/>
</kw>
<kw name="Click Element" library="SeleniumLibrary">
<arg>${BackHomepage}</arg>
<doc>Click the element identified by ``locator``.</doc>
<msg timestamp="20231124 12:38:51.118" level="INFO">Clicking element 'xpath=//*[@id="header-section"]/div[2]/div/div/div[1]/div/a'.</msg>
<status status="PASS" starttime="20231124 12:38:51.118" endtime="20231124 12:38:51.643"/>
</kw>
<status status="PASS" starttime="20231124 12:38:45.287" endtime="20231124 12:38:51.644"/>
</test>
<kw name="Close All Browsers" library="SeleniumLibrary" type="TEARDOWN">
<doc>Closes all open browsers and resets the browser cache.</doc>
<status status="PASS" starttime="20231124 12:38:51.647" endtime="20231124 12:38:57.950"/>
</kw>
<status status="PASS" starttime="20231124 12:38:36.756" endtime="20231124 12:38:57.950"/>
</suite>
<statistics>
<total>
<stat pass="4" fail="0" skip="0">All Tests</stat>
</total>
<tag>
</tag>
<suite>
<stat pass="4" fail="0" skip="0" id="s1" name="Test3">Test3</stat>
</suite>
</statistics>
<errors>
</errors>
</robot>
